<?xml version="1.0" encoding="UTF-8"?>
<testng-results ignored="0" total="1" passed="1" failed="0" skipped="0">
  <reporter-output>
  </reporter-output>
  <suite started-at="2023-11-13T10:26:48 IST" name="Suite" finished-at="2023-11-13T10:26:48 IST" duration-ms="69">
    <groups>
    </groups>
    <test started-at="2023-11-13T10:26:48 IST" name="Test" finished-at="2023-11-13T10:26:48 IST" duration-ms="69">
      <class name="TestNGpractise.ListnerClass">
        <test-method signature="sample()[pri:0, instance:TestNGpractise.ListnerClass@770d3326]" started-at="2023-11-13T10:26:48 IST" name="sample" finished-at="2023-11-13T10:26:48 IST" duration-ms="12" status="PASS">
          <reporter-output>
          </reporter-output>
        </test-method> <!-- sample -->
      </class> <!-- TestNGpractise.ListnerClass -->
    </test> <!-- Test -->
  </suite> <!-- Suite -->
</testng-results>
